<?xml version="1.0" encoding="UTF-8"?>
<!-- Generated by org.testng.reporters.JUnitReportReporter -->
<testsuite skipped="0" hostname="DESKTOP-353OLDC" name="tests.selenium.TC001_CreateIncidentAndGetFromRest" tests="1" failures="0" timestamp="01 Sep 2018 09:16:54 GMT" time="62.059" errors="0">
  <testcase name="createIncident" time="62.059" classname="tests.selenium.TC001_CreateIncidentAndGetFromRest"/>
</testsuite> <!-- tests.selenium.TC001_CreateIncidentAndGetFromRest -->
