<?xml version="1.0" encoding="UTF-8"?>
<!-- Generated by org.testng.reporters.JUnitReportReporter -->
<testsuite skipped="0" hostname="DESKTOP-353OLDC" name="tests.rest.TC001_CreateIncident" tests="1" failures="0" timestamp="30 Aug 2018 13:39:01 GMT" time="5.936" errors="0">
  <testcase name="createIncident" time="5.936" classname="tests.rest.TC001_CreateIncident"/>
</testsuite> <!-- tests.rest.TC001_CreateIncident -->
