<?xml version="1.0" encoding="UTF-8"?>
<!-- Generated by org.testng.reporters.JUnitReportReporter -->
<testsuite skipped="0" hostname="DESKTOP-353OLDC" name="tests.rest.TC002_DeleteFirstIncident" tests="1" failures="0" timestamp="30 Aug 2018 13:39:48 GMT" time="8.486" errors="0">
  <testcase name="createIncident" time="8.486" classname="tests.rest.TC002_DeleteFirstIncident"/>
</testsuite> <!-- tests.rest.TC002_DeleteFirstIncident -->
