<?xml version="1.0" encoding="UTF-8"?>
<!-- Generated by org.testng.reporters.JUnitReportReporter -->
<testsuite skipped="0" hostname="DESKTOP-353OLDC" name="tests.selenium.TC001_CreateIncident" tests="1" failures="0" timestamp="01 Sep 2018 08:27:36 GMT" time="35.508" errors="0">
  <testcase name="createIncident" time="35.508" classname="tests.selenium.TC001_CreateIncident"/>
</testsuite> <!-- tests.selenium.TC001_CreateIncident -->
